<?xml version="1.0" encoding="UTF-8"?>
<testsuite xmlns:xsi="http://www.w3.org/2001/XMLSchema-instance" xsi:noNamespaceSchemaLocation="https://maven.apache.org/surefire/maven-surefire-plugin/xsd/surefire-test-report.xsd" version="3.0.2" name="com.turkcell.fine_service.FineServiceApplicationTests" time="3.386" tests="1" errors="0" skipped="0" failures="0">
  <properties>
[...]
</properties>
  <testcase name="contextLoads" classname="com.turkcell.fine_service.FineServiceApplicationTests" time="0.287">
    <system-out><![CDATA[17:05:09.179 [main] INFO org.springframework.test.context.support.AnnotationConfigContextLoaderUtils -- Could not detect default configuration classes for test class [com.turkcell.fine_service.FineServiceApplicationTests]: FineServiceApplicationTests does not declare any static, non-private, non-final, nested classes annotated with @Configuration.
17:05:09.248 [main] INFO org.springframework.boot.test.context.SpringBootTestContextBootstrapper -- Found @SpringBootConfiguration com.turkcell.fine_service.FineServiceApplication for test class com.turkcell.fine_service.FineServiceApplicationTests

  .   ____          _            __ _ _
 /\\ / ___'_ __ _ _(_)_ __  __ _ \ \ \ \
( ( )\___ | '_ | '_| | '_ \/ _` | \ \ \ \
 \\/  ___)| |_)| | | | | || (_| |  ) ) ) )
  '  |____| .__|_| |_|_| |_\__, | / / / /
 =========|_|==============|___/=/_/_/_/

 :: Spring Boot ::                (v3.5.7)

2025-11-19T17:05:09.705+03:00  INFO 60590 --- [fine-service] [           main] c.t.f.FineServiceApplicationTests        : Starting FineServiceApplicationTests using Java 23.0.1 with PID 60590 (started by ardacoha in /Users/ardacoha/Documents/GitHub/microservice-library-app/fine-service)
2025-11-19T17:05:09.706+03:00  INFO 60590 --- [fine-service] [           main] c.t.f.FineServiceApplicationTests        : No active profile set, falling back to 1 default profile: "default"
2025-11-19T17:05:10.283+03:00  INFO 60590 --- [fine-service] [           main] .s.d.r.c.RepositoryConfigurationDelegate : Bootstrapping Spring Data JPA repositories in DEFAULT mode.
2025-11-19T17:05:10.372+03:00  INFO 60590 --- [fine-service] [           main] .s.d.r.c.RepositoryConfigurationDelegate : Finished Spring Data repository scanning in 83 ms. Found 1 JPA repository interface.
2025-11-19T17:05:10.457+03:00  INFO 60590 --- [fine-service] [           main] o.s.cloud.context.scope.GenericScope     : BeanFactory id=43055160-26de-3d9c-8552-12c07526c7ae
2025-11-19T17:05:10.636+03:00  INFO 60590 --- [fine-service] [           main] o.hibernate.jpa.internal.util.LogHelper  : HHH000204: Processing PersistenceUnitInfo [name: default]
2025-11-19T17:05:10.666+03:00  INFO 60590 --- [fine-service] [           main] org.hibernate.Version                    : HHH000412: Hibernate ORM core version 6.6.33.Final
2025-11-19T17:05:10.684+03:00  INFO 60590 --- [fine-service] [           main] o.h.c.internal.RegionFactoryInitiator    : HHH000026: Second-level cache disabled
2025-11-19T17:05:10.829+03:00  INFO 60590 --- [fine-service] [           main] o.s.o.j.p.SpringPersistenceUnitInfo      : No LoadTimeWeaver setup: ignoring JPA class transformer
2025-11-19T17:05:10.843+03:00  INFO 60590 --- [fine-service] [           main] com.zaxxer.hikari.HikariDataSource       : HikariPool-1 - Starting...
2025-11-19T17:05:10.942+03:00  INFO 60590 --- [fine-service] [           main] com.zaxxer.hikari.pool.HikariPool        : HikariPool-1 - Added connection conn0: url=jdbc:h2:mem:fine_service_test user=SA
2025-11-19T17:05:10.943+03:00  INFO 60590 --- [fine-service] [           main] com.zaxxer.hikari.HikariDataSource       : HikariPool-1 - Start completed.
2025-11-19T17:05:10.955+03:00  WARN 60590 --- [fine-service] [           main] org.hibernate.dialect.Dialect            : HHH000511: The 2.3.232 version for [org.hibernate.dialect.PostgreSQLDialect] is no longer supported, hence certain features may not work properly. The minimum supported version is 12.0.0. Check the community dialects project for available legacy versions.
2025-11-19T17:05:10.959+03:00  WARN 60590 --- [fine-service] [           main] org.hibernate.orm.deprecation            : HHH90000025: PostgreSQLDialect does not need to be specified explicitly using 'hibernate.dialect' (remove the property setting and it will be selected by default)
2025-11-19T17:05:10.969+03:00  INFO 60590 --- [fine-service] [           main] org.hibernate.orm.connections.pooling    : HHH10001005: Database info:
	Database JDBC URL [Connecting through datasource 'HikariDataSource (HikariPool-1)']
	Database driver: undefined/unknown
	Database version: 2.3.232
	Autocommit mode: undefined/unknown
	Isolation level: undefined/unknown
	Minimum pool size: undefined/unknown
	Maximum pool size: undefined/unknown
2025-11-19T17:05:11.387+03:00  INFO 60590 --- [fine-service] [           main] o.h.e.t.j.p.i.JtaPlatformInitiator       : HHH000489: No JTA platform available (set 'hibernate.transaction.jta.platform' to enable JTA platform integration)
2025-11-19T17:05:11.404+03:00  INFO 60590 --- [fine-service] [           main] j.LocalContainerEntityManagerFactoryBean : Initialized JPA EntityManagerFactory for persistence unit 'default'
2025-11-19T17:05:11.607+03:00  WARN 60590 --- [fine-service] [           main] JpaBaseConfiguration$JpaWebConfiguration : spring.jpa.open-in-view is enabled by default. Therefore, database queries may be performed during view rendering. Explicitly configure spring.jpa.open-in-view to disable this warning
2025-11-19T17:05:11.646+03:00  INFO 60590 --- [fine-service] [           main] o.s.c.openfeign.FeignClientFactoryBean   : For 'borrow-service' URL not provided. Will try picking an instance via load-balancing.
2025-11-19T17:05:12.074+03:00  INFO 60590 --- [fine-service] [           main] DiscoveryClientOptionalArgsConfiguration : Eureka HTTP Client uses RestTemplate.
2025-11-19T17:05:12.090+03:00  WARN 60590 --- [fine-service] [           main] iguration$LoadBalancerCaffeineWarnLogger : Spring Cloud LoadBalancer is currently working with the default cache. While this cache implementation is useful for development and tests, it's recommended to use Caffeine cache in production.You can switch to using Caffeine cache, by adding it and org.springframework.cache.caffeine.CaffeineCacheManager to the classpath.
2025-11-19T17:05:12.100+03:00  INFO 60590 --- [fine-service] [           main] o.s.b.a.e.web.EndpointLinksResolver      : Exposing 1 endpoint beneath base path '/actuator'
2025-11-19T17:05:12.141+03:00  INFO 60590 --- [fine-service] [           main] c.t.f.FineServiceApplicationTests        : Started FineServiceApplicationTests in 2.677 seconds (process running for 3.324)
]]></system-out>
    <system-err><![CDATA[Mockito is currently self-attaching to enable the inline-mock-maker. This will no longer work in future releases of the JDK. Please add Mockito as an agent to your build as described in Mockito's documentation: https://javadoc.io/doc/org.mockito/mockito-core/latest/org.mockito/org/mockito/Mockito.html#0.3
WARNING: A Java agent has been loaded dynamically (/Users/ardacoha/.m2/repository/net/bytebuddy/byte-buddy-agent/1.17.8/byte-buddy-agent-1.17.8.jar)
WARNING: If a serviceability tool is in use, please run with -XX:+EnableDynamicAgentLoading to hide this warning
WARNING: If a serviceability tool is not in use, please run with -Djdk.instrument.traceUsage for more information
WARNING: Dynamic loading of agents will be disallowed by default in a future release
]]></system-err>
  </testcase>
</testsuite>